2022-07-01 00:01:00 Notice: Notice (8): Undefined index: Roles in [C:\wamp64\www\crud-clientes-cake\clientes\vendor\cakephp\bake\src\View\Helper\DocBlockHelper.php, line 252]
Trace:
Cake\Error\BaseErrorHandler::handleError() - CORE\src\Error\BaseErrorHandler.php, line 168
Bake\View\Helper\DocBlockHelper::buildTableAnnotations() - ROOT\vendor\cakephp\bake\src\View\Helper\DocBlockHelper.php, line 252
Twig\Template::getAttribute() - ROOT\vendor\twig\twig\src\Template.php, line 704
__TwigTemplate_1acdb03eb454f404ed599d5e42331442680d4b7d6c13aa9d549686c0c3c059f9::doDisplay() - ROOT\tmp\cache\twigView\d0\d0c6903f1d98456642f0d142e55a7d1e661b3db248f153c28d31dbc5a04c0067.php, line 33
Twig\Template::displayWithErrorHandling() - ROOT\vendor\twig\twig\src\Template.php, line 455
Twig\Template::display() - ROOT\vendor\twig\twig\src\Template.php, line 422
Twig\Template::render() - ROOT\vendor\twig\twig\src\Template.php, line 434
WyriHaximus\TwigView\View\TwigView::_render() - ROOT\vendor\wyrihaximus\twig-view\src\View\TwigView.php, line 180
Bake\View\BakeView::render() - ROOT\vendor\cakephp\bake\src\View\BakeView.php, line 146
Bake\Shell\Task\BakeTemplateTask::generate() - ROOT\vendor\cakephp\bake\src\Shell\Task\BakeTemplateTask.php, line 91
Bake\Shell\Task\ModelTask::bakeTable() - ROOT\vendor\cakephp\bake\src\Shell\Task\ModelTask.php, line 1018
Bake\Shell\Task\ModelTask::bake() - ROOT\vendor\cakephp\bake\src\Shell\Task\ModelTask.php, line 115
Bake\Shell\Task\ModelTask::main() - ROOT\vendor\cakephp\bake\src\Shell\Task\ModelTask.php, line 101
Bake\Shell\BakeShell::Bake\Shell\{closure}() - ROOT\vendor\cakephp\bake\src\Shell\BakeShell.php, line 282
Cake\Collection\Collection::each() - CORE\src\Collection\CollectionTrait.php, line 64
Bake\Shell\BakeShell::all() - ROOT\vendor\cakephp\bake\src\Shell\BakeShell.php, line 283
Cake\Console\Shell::runCommand() - CORE\src\Console\Shell.php, line 517
Cake\Console\CommandRunner::runShell() - CORE\src\Console\CommandRunner.php, line 384
Cake\Console\CommandRunner::run() - CORE\src\Console\CommandRunner.php, line 162
[main] - ROOT\bin\cake.php, line 12



